<?xml version="1.0" encoding="UTF-8"?>
<!-- Generated by org.testng.reporters.JUnitXMLReporter -->
<testsuite ignored="0" hostname="DESKTOP-6QC8J3N" failures="0" tests="3" name="Group 2" time="58.028" errors="0" timestamp="2023-09-24T19:16:34 ICT">
  <testcase classname="test.computer.BuyingStandardComputerTest" name="testStandardComputerBuying" time="28.066"/>
  <testcase classname="test.computer.BuyingStandardComputerTest" name="testStandardComputerBuying" time="15.178"/>
  <testcase classname="test.computer.BuyingStandardComputerTest" name="testStandardComputerBuying" time="14.612"/>
</testsuite> <!-- Group 2 -->
