<?xml version="1.0" encoding="UTF-8"?>
<!-- Generated by org.testng.reporters.JUnitXMLReporter -->
<testsuite ignored="0" hostname="DESKTOP-6QC8J3N" failures="0" tests="3" name="Group 1" time="56.469" errors="0" timestamp="2023-09-24T19:16:32 ICT">
  <testcase classname="test.computer.BuyingCheapComputerTest" name="testCheapComputerBuying" time="26.851"/>
  <testcase classname="test.computer.BuyingCheapComputerTest" name="testCheapComputerBuying" time="15.464"/>
  <testcase classname="test.computer.BuyingCheapComputerTest" name="testCheapComputerBuying" time="13.978"/>
</testsuite> <!-- Group 1 -->
