<?xml version="1.0" encoding="UTF-8"?>
<!-- Generated by org.testng.reporters.JUnitXMLReporter -->
<testsuite ignored="0" hostname="DESKTOP-6QC8J3N" failures="1" tests="4" name="Group 4" time="6.727" errors="0" timestamp="2023-09-24T19:15:43 ICT">
  <testcase classname="test.global.footer.FooterTest" name="testFooterCategoryPage" time="6.214">
    <failure type="java.lang.AssertionError" message="Demo take screenshot....">
      <![CDATA[java.lang.AssertionError: Demo take screenshot....
at test.global.footer.FooterTest.testFooterCategoryPage(FooterTest.java:16)
at java.base/java.util.ArrayList.forEach(ArrayList.java:1541)
at java.base/java.util.concurrent.FutureTask.run(FutureTask.java:264)
at java.base/java.util.concurrent.ThreadPoolExecutor.runWorker(ThreadPoolExecutor.java:1128)
at java.base/java.util.concurrent.ThreadPoolExecutor$Worker.run(ThreadPoolExecutor.java:628)
at java.base/java.lang.Thread.run(Thread.java:834)
... Removed 19 stack frames]]>
    </failure>
  </testcase> <!-- testFooterCategoryPage -->
  <testcase classname="test.global.footer.FooterTest" name="testFooterHomePage" time="0.002"/>
  <testcase classname="test.global.footer.FooterTest" name="testFooterLoginPage" time="0.002"/>
  <testcase classname="test.global.footer.FooterTest" name="testFooterRegisterPage" time="0.001"/>
</testsuite> <!-- Group 4 -->
