<?xml version="1.0" encoding="UTF-8"?>
<testng-results ignored="0" total="10" passed="9" failed="1" skipped="0">
  <reporter-output>
  </reporter-output>
  <suite started-at="2023-09-24T19:15:36 ICT" name="Regression" finished-at="2023-09-24T19:16:34 ICT" duration-ms="58028">
    <groups>
    </groups>
    <test started-at="2023-09-24T19:15:36 ICT" name="Group 3" finished-at="2023-09-24T19:15:36 ICT" duration-ms="19">
    </test> <!-- Group 3 -->
    <test started-at="2023-09-24T19:15:36 ICT" name="Group 4" finished-at="2023-09-24T19:15:43 ICT" duration-ms="6727">
      <class name="test.global.footer.FooterTest">
        <test-method is-config="true" signature="initBrowserSession(java.lang.String)[pri:0, instance:test.global.footer.FooterTest@23941fb4]" started-at="2023-09-24T19:15:36 ICT" name="initBrowserSession" description="Init browser session" finished-at="2023-09-24T19:15:36 ICT" duration-ms="24" status="PASS">
          <params>
            <param index="0">
              <value>
                <![CDATA[chrome]]>
              </value>
            </param>
          </params>
          <reporter-output>
          </reporter-output>
        </test-method> <!-- initBrowserSession -->
        <test-method signature="testFooterCategoryPage()[pri:0, instance:test.global.footer.FooterTest@23941fb4]" started-at="2023-09-24T19:15:36 ICT" name="testFooterCategoryPage" finished-at="2023-09-24T19:15:42 ICT" duration-ms="6214" status="FAIL">
          <exception class="java.lang.AssertionError">
            <message>
              <![CDATA[Demo take screenshot....]]>
            </message>
            <full-stacktrace>
              <![CDATA[java.lang.AssertionError: Demo take screenshot....
at org.testng.Assert.fail(Assert.java:110)
at test.global.footer.FooterTest.testFooterCategoryPage(FooterTest.java:16)
at java.base/jdk.internal.reflect.NativeMethodAccessorImpl.invoke0(Native Method)
at java.base/jdk.internal.reflect.NativeMethodAccessorImpl.invoke(NativeMethodAccessorImpl.java:62)
at java.base/jdk.internal.reflect.DelegatingMethodAccessorImpl.invoke(DelegatingMethodAccessorImpl.java:43)
at java.base/java.lang.reflect.Method.invoke(Method.java:566)
at org.testng.internal.invokers.MethodInvocationHelper.invokeMethod(MethodInvocationHelper.java:136)
at org.testng.internal.invokers.TestInvoker.invokeMethod(TestInvoker.java:658)
at org.testng.internal.invokers.TestInvoker.invokeTestMethod(TestInvoker.java:219)
at org.testng.internal.invokers.MethodRunner.runInSequence(MethodRunner.java:50)
at org.testng.internal.invokers.TestInvoker$MethodInvocationAgent.invoke(TestInvoker.java:923)
at org.testng.internal.invokers.TestInvoker.invokeTestMethods(TestInvoker.java:192)
at org.testng.internal.invokers.TestMethodWorker.invokeTestMethods(TestMethodWorker.java:146)
at org.testng.internal.invokers.TestMethodWorker.run(TestMethodWorker.java:128)
at java.base/java.util.ArrayList.forEach(ArrayList.java:1541)
at org.testng.TestRunner.privateRun(TestRunner.java:808)
at org.testng.TestRunner.run(TestRunner.java:603)
at org.testng.SuiteRunner.runTest(SuiteRunner.java:429)
at org.testng.SuiteRunner.access$000(SuiteRunner.java:32)
at org.testng.SuiteRunner$SuiteWorker.run(SuiteRunner.java:467)
at org.testng.internal.thread.ThreadUtil.lambda$execute$0(ThreadUtil.java:58)
at java.base/java.util.concurrent.FutureTask.run(FutureTask.java:264)
at java.base/java.util.concurrent.ThreadPoolExecutor.runWorker(ThreadPoolExecutor.java:1128)
at java.base/java.util.concurrent.ThreadPoolExecutor$Worker.run(ThreadPoolExecutor.java:628)
at java.base/java.lang.Thread.run(Thread.java:834)
]]>
            </full-stacktrace>
          </exception> <!-- java.lang.AssertionError -->
          <reporter-output>
          </reporter-output>
        </test-method> <!-- testFooterCategoryPage -->
        <test-method is-config="true" signature="captureScreenshot(org.testng.ITestResult)[pri:0, instance:test.global.footer.FooterTest@23941fb4]" started-at="2023-09-24T19:15:42 ICT" name="captureScreenshot" finished-at="2023-09-24T19:15:42 ICT" duration-ms="271" status="PASS">
          <params>
            <param index="0">
              <value>
                <![CDATA[[TestResult name=testFooterCategoryPage status=FAILURE method=FooterTest.testFooterCategoryPage()[pri:0, instance:test.global.footer.FooterTest@23941fb4] output={null}]]]>
              </value>
            </param>
          </params>
          <reporter-output>
          </reporter-output>
        </test-method> <!-- captureScreenshot -->
        <test-method signature="testFooterHomePage()[pri:0, instance:test.global.footer.FooterTest@23941fb4]" started-at="2023-09-24T19:15:42 ICT" name="testFooterHomePage" finished-at="2023-09-24T19:15:42 ICT" duration-ms="2" status="PASS">
          <reporter-output>
          </reporter-output>
        </test-method> <!-- testFooterHomePage -->
        <test-method is-config="true" signature="captureScreenshot(org.testng.ITestResult)[pri:0, instance:test.global.footer.FooterTest@23941fb4]" started-at="2023-09-24T19:15:42 ICT" name="captureScreenshot" finished-at="2023-09-24T19:15:42 ICT" duration-ms="0" status="PASS">
          <params>
            <param index="0">
              <value>
                <![CDATA[[TestResult name=testFooterHomePage status=SUCCESS method=FooterTest.testFooterHomePage()[pri:0, instance:test.global.footer.FooterTest@23941fb4] output={null}]]]>
              </value>
            </param>
          </params>
          <reporter-output>
          </reporter-output>
        </test-method> <!-- captureScreenshot -->
        <test-method signature="testFooterLoginPage()[pri:0, instance:test.global.footer.FooterTest@23941fb4]" started-at="2023-09-24T19:15:42 ICT" name="testFooterLoginPage" finished-at="2023-09-24T19:15:42 ICT" duration-ms="2" status="PASS">
          <reporter-output>
          </reporter-output>
        </test-method> <!-- testFooterLoginPage -->
        <test-method is-config="true" signature="captureScreenshot(org.testng.ITestResult)[pri:0, instance:test.global.footer.FooterTest@23941fb4]" started-at="2023-09-24T19:15:42 ICT" name="captureScreenshot" finished-at="2023-09-24T19:15:42 ICT" duration-ms="1" status="PASS">
          <params>
            <param index="0">
              <value>
                <![CDATA[[TestResult name=testFooterLoginPage status=SUCCESS method=FooterTest.testFooterLoginPage()[pri:0, instance:test.global.footer.FooterTest@23941fb4] output={null}]]]>
              </value>
            </param>
          </params>
          <reporter-output>
          </reporter-output>
        </test-method> <!-- captureScreenshot -->
        <test-method signature="testFooterRegisterPage()[pri:0, instance:test.global.footer.FooterTest@23941fb4]" started-at="2023-09-24T19:15:42 ICT" name="testFooterRegisterPage" finished-at="2023-09-24T19:15:42 ICT" duration-ms="1" status="PASS">
          <reporter-output>
          </reporter-output>
        </test-method> <!-- testFooterRegisterPage -->
        <test-method is-config="true" signature="captureScreenshot(org.testng.ITestResult)[pri:0, instance:test.global.footer.FooterTest@23941fb4]" started-at="2023-09-24T19:15:42 ICT" name="captureScreenshot" finished-at="2023-09-24T19:15:42 ICT" duration-ms="0" status="PASS">
          <params>
            <param index="0">
              <value>
                <![CDATA[[TestResult name=testFooterRegisterPage status=SUCCESS method=FooterTest.testFooterRegisterPage()[pri:0, instance:test.global.footer.FooterTest@23941fb4] output={null}]]]>
              </value>
            </param>
          </params>
          <reporter-output>
          </reporter-output>
        </test-method> <!-- captureScreenshot -->
        <test-method is-config="true" signature="closeBrowserSession()[pri:0, instance:test.global.footer.FooterTest@23941fb4]" started-at="2023-09-24T19:15:42 ICT" name="closeBrowserSession" finished-at="2023-09-24T19:15:43 ICT" duration-ms="140" status="PASS">
          <reporter-output>
          </reporter-output>
        </test-method> <!-- closeBrowserSession -->
      </class> <!-- test.global.footer.FooterTest -->
    </test> <!-- Group 4 -->
    <test started-at="2023-09-24T19:15:36 ICT" name="Group 1" finished-at="2023-09-24T19:16:32 ICT" duration-ms="56469">
      <class name="test.computer.BuyingCheapComputerTest">
        <test-method is-config="true" signature="initBrowserSession(java.lang.String)[pri:0, instance:test.computer.BuyingCheapComputerTest@3e0e1046]" started-at="2023-09-24T19:15:36 ICT" name="initBrowserSession" description="Init browser session" finished-at="2023-09-24T19:15:36 ICT" duration-ms="23" status="PASS">
          <params>
            <param index="0">
              <value>
                <![CDATA[chrome]]>
              </value>
            </param>
          </params>
          <reporter-output>
          </reporter-output>
        </test-method> <!-- initBrowserSession -->
        <test-method signature="testCheapComputerBuying(test_data.computer.ComputerData)[pri:0, instance:test.computer.BuyingCheapComputerTest@3e0e1046]" started-at="2023-09-24T19:15:36 ICT" name="testCheapComputerBuying" data-provider="computerData" finished-at="2023-09-24T19:16:03 ICT" duration-ms="26851" status="PASS">
          <params>
            <param index="0">
              <value>
                <![CDATA[ComputerData{processorType='Fast', ram='8 GB', os='null', hdd='320 GB', software='Image Viever'}]]>
              </value>
            </param>
          </params>
          <reporter-output>
          </reporter-output>
        </test-method> <!-- testCheapComputerBuying -->
        <test-method is-config="true" signature="captureScreenshot(org.testng.ITestResult)[pri:0, instance:test.computer.BuyingCheapComputerTest@3e0e1046]" started-at="2023-09-24T19:16:03 ICT" name="captureScreenshot" finished-at="2023-09-24T19:16:03 ICT" duration-ms="2" status="PASS">
          <params>
            <param index="0">
              <value>
                <![CDATA[[TestResult name=testCheapComputerBuying status=SUCCESS method=BuyingCheapComputerTest.testCheapComputerBuying(test_data.computer.ComputerData)[pri:0, instance:test.computer.BuyingCheapComputerTest@3e0e1046] output={null}]]]>
              </value>
            </param>
          </params>
          <reporter-output>
          </reporter-output>
        </test-method> <!-- captureScreenshot -->
        <test-method signature="testCheapComputerBuying(test_data.computer.ComputerData)[pri:0, instance:test.computer.BuyingCheapComputerTest@3e0e1046]" started-at="2023-09-24T19:16:03 ICT" name="testCheapComputerBuying" data-provider="computerData" finished-at="2023-09-24T19:16:18 ICT" duration-ms="15464" status="PASS">
          <params>
            <param index="0">
              <value>
                <![CDATA[ComputerData{processorType='Fast', ram='4 GB', os='null', hdd='400 GB', software='Office Suite'}]]>
              </value>
            </param>
          </params>
          <reporter-output>
          </reporter-output>
        </test-method> <!-- testCheapComputerBuying -->
        <test-method is-config="true" signature="captureScreenshot(org.testng.ITestResult)[pri:0, instance:test.computer.BuyingCheapComputerTest@3e0e1046]" started-at="2023-09-24T19:16:18 ICT" name="captureScreenshot" finished-at="2023-09-24T19:16:18 ICT" duration-ms="1" status="PASS">
          <params>
            <param index="0">
              <value>
                <![CDATA[[TestResult name=testCheapComputerBuying status=SUCCESS method=BuyingCheapComputerTest.testCheapComputerBuying(test_data.computer.ComputerData)[pri:0, instance:test.computer.BuyingCheapComputerTest@3e0e1046] output={null}]]]>
              </value>
            </param>
          </params>
          <reporter-output>
          </reporter-output>
        </test-method> <!-- captureScreenshot -->
        <test-method signature="testCheapComputerBuying(test_data.computer.ComputerData)[pri:0, instance:test.computer.BuyingCheapComputerTest@3e0e1046]" started-at="2023-09-24T19:16:18 ICT" name="testCheapComputerBuying" data-provider="computerData" finished-at="2023-09-24T19:16:32 ICT" duration-ms="13978" status="PASS">
          <params>
            <param index="0">
              <value>
                <![CDATA[ComputerData{processorType='Fast', ram='2 GB', os='null', hdd='320 GB', software='Other Office Suite'}]]>
              </value>
            </param>
          </params>
          <reporter-output>
          </reporter-output>
        </test-method> <!-- testCheapComputerBuying -->
        <test-method is-config="true" signature="captureScreenshot(org.testng.ITestResult)[pri:0, instance:test.computer.BuyingCheapComputerTest@3e0e1046]" started-at="2023-09-24T19:16:32 ICT" name="captureScreenshot" finished-at="2023-09-24T19:16:32 ICT" duration-ms="0" status="PASS">
          <params>
            <param index="0">
              <value>
                <![CDATA[[TestResult name=testCheapComputerBuying status=SUCCESS method=BuyingCheapComputerTest.testCheapComputerBuying(test_data.computer.ComputerData)[pri:0, instance:test.computer.BuyingCheapComputerTest@3e0e1046] output={null}]]]>
              </value>
            </param>
          </params>
          <reporter-output>
          </reporter-output>
        </test-method> <!-- captureScreenshot -->
        <test-method is-config="true" signature="closeBrowserSession()[pri:0, instance:test.computer.BuyingCheapComputerTest@3e0e1046]" started-at="2023-09-24T19:16:32 ICT" name="closeBrowserSession" finished-at="2023-09-24T19:16:32 ICT" duration-ms="53" status="PASS">
          <reporter-output>
          </reporter-output>
        </test-method> <!-- closeBrowserSession -->
      </class> <!-- test.computer.BuyingCheapComputerTest -->
    </test> <!-- Group 1 -->
    <test started-at="2023-09-24T19:15:36 ICT" name="Group 2" finished-at="2023-09-24T19:16:34 ICT" duration-ms="58028">
      <class name="test.computer.BuyingStandardComputerTest">
        <test-method is-config="true" signature="initBrowserSession(java.lang.String)[pri:0, instance:test.computer.BuyingStandardComputerTest@4b520ea8]" started-at="2023-09-24T19:15:36 ICT" name="initBrowserSession" description="Init browser session" finished-at="2023-09-24T19:15:36 ICT" duration-ms="23" status="PASS">
          <params>
            <param index="0">
              <value>
                <![CDATA[chrome]]>
              </value>
            </param>
          </params>
          <reporter-output>
          </reporter-output>
        </test-method> <!-- initBrowserSession -->
        <test-method signature="testStandardComputerBuying(test_data.computer.ComputerData)[pri:0, instance:test.computer.BuyingStandardComputerTest@4b520ea8]" started-at="2023-09-24T19:15:36 ICT" name="testStandardComputerBuying" data-provider="computerData" finished-at="2023-09-24T19:16:04 ICT" duration-ms="28066" status="PASS">
          <params>
            <param index="0">
              <value>
                <![CDATA[ComputerData{processorType='2.2GHz', ram='8GB', os='Ubuntu', hdd='400 GB', software='Microsoft Office'}]]>
              </value>
            </param>
          </params>
          <reporter-output>
          </reporter-output>
        </test-method> <!-- testStandardComputerBuying -->
        <test-method is-config="true" signature="captureScreenshot(org.testng.ITestResult)[pri:0, instance:test.computer.BuyingStandardComputerTest@4b520ea8]" started-at="2023-09-24T19:16:04 ICT" name="captureScreenshot" finished-at="2023-09-24T19:16:04 ICT" duration-ms="2" status="PASS">
          <params>
            <param index="0">
              <value>
                <![CDATA[[TestResult name=testStandardComputerBuying status=SUCCESS method=BuyingStandardComputerTest.testStandardComputerBuying(test_data.computer.ComputerData)[pri:0, instance:test.computer.BuyingStandardComputerTest@4b520ea8] output={null}]]]>
              </value>
            </param>
          </params>
          <reporter-output>
          </reporter-output>
        </test-method> <!-- captureScreenshot -->
        <test-method signature="testStandardComputerBuying(test_data.computer.ComputerData)[pri:0, instance:test.computer.BuyingStandardComputerTest@4b520ea8]" started-at="2023-09-24T19:16:04 ICT" name="testStandardComputerBuying" data-provider="computerData" finished-at="2023-09-24T19:16:19 ICT" duration-ms="15178" status="PASS">
          <params>
            <param index="0">
              <value>
                <![CDATA[ComputerData{processorType='2.5GHz', ram='4GB', os='Windows 7', hdd='320 GB', software='Acrobat Reader'}]]>
              </value>
            </param>
          </params>
          <reporter-output>
          </reporter-output>
        </test-method> <!-- testStandardComputerBuying -->
        <test-method is-config="true" signature="captureScreenshot(org.testng.ITestResult)[pri:0, instance:test.computer.BuyingStandardComputerTest@4b520ea8]" started-at="2023-09-24T19:16:19 ICT" name="captureScreenshot" finished-at="2023-09-24T19:16:19 ICT" duration-ms="0" status="PASS">
          <params>
            <param index="0">
              <value>
                <![CDATA[[TestResult name=testStandardComputerBuying status=SUCCESS method=BuyingStandardComputerTest.testStandardComputerBuying(test_data.computer.ComputerData)[pri:0, instance:test.computer.BuyingStandardComputerTest@4b520ea8] output={null}]]]>
              </value>
            </param>
          </params>
          <reporter-output>
          </reporter-output>
        </test-method> <!-- captureScreenshot -->
        <test-method signature="testStandardComputerBuying(test_data.computer.ComputerData)[pri:0, instance:test.computer.BuyingStandardComputerTest@4b520ea8]" started-at="2023-09-24T19:16:19 ICT" name="testStandardComputerBuying" data-provider="computerData" finished-at="2023-09-24T19:16:34 ICT" duration-ms="14612" status="PASS">
          <params>
            <param index="0">
              <value>
                <![CDATA[ComputerData{processorType='2.2GHz', ram='2GB', os='Windows 10', hdd='320 GB', software='Total Commander'}]]>
              </value>
            </param>
          </params>
          <reporter-output>
          </reporter-output>
        </test-method> <!-- testStandardComputerBuying -->
        <test-method is-config="true" signature="captureScreenshot(org.testng.ITestResult)[pri:0, instance:test.computer.BuyingStandardComputerTest@4b520ea8]" started-at="2023-09-24T19:16:34 ICT" name="captureScreenshot" finished-at="2023-09-24T19:16:34 ICT" duration-ms="1" status="PASS">
          <params>
            <param index="0">
              <value>
                <![CDATA[[TestResult name=testStandardComputerBuying status=SUCCESS method=BuyingStandardComputerTest.testStandardComputerBuying(test_data.computer.ComputerData)[pri:0, instance:test.computer.BuyingStandardComputerTest@4b520ea8] output={null}]]]>
              </value>
            </param>
          </params>
          <reporter-output>
          </reporter-output>
        </test-method> <!-- captureScreenshot -->
        <test-method is-config="true" signature="closeBrowserSession()[pri:0, instance:test.computer.BuyingStandardComputerTest@4b520ea8]" started-at="2023-09-24T19:16:34 ICT" name="closeBrowserSession" finished-at="2023-09-24T19:16:34 ICT" duration-ms="42" status="PASS">
          <reporter-output>
          </reporter-output>
        </test-method> <!-- closeBrowserSession -->
      </class> <!-- test.computer.BuyingStandardComputerTest -->
    </test> <!-- Group 2 -->
  </suite> <!-- Regression -->
</testng-results>
